My server Id: 3
My server Id: 1
My server Id: 5
My server Id: 4
My server Id: 0
Got the following server configs: {[{0 localhost 8080} {1 localhost 8081} {2 localhost 8082} {3 localhost 8083} {4 localhost 8084} {5 localhost 8085} {6 localhost 8086}]}
Now server is localhost:8083 
 Got the following server configs: {[{0 localhost 8080} {1 localhost 8081} {2 localhost 8082} {3 localhost 8083} {4 localhost 8084} {5 localhost 8085} {6 localhost 8086}]}
Now server is localhost:8081 
 Got the following server configs: {[{0 localhost 8080} {1 localhost 8081} {2 localhost 8082} {3 localhost 8083} {4 localhost 8084} {5 localhost 8085} {6 localhost 8086}]}
Now server is localhost:8080 
 Got the following server configs: {[{0 localhost 8080} {1 localhost 8081} {2 localhost 8082} {3 localhost 8083} {4 localhost 8084} {5 localhost 8085} {6 localhost 8086}]}
Got the following server configs: {[{0 localhost 8080} {1 localhost 8081} {2 localhost 8082} {3 localhost 8083} {4 localhost 8084} {5 localhost 8085} {6 localhost 8086}]}
Now server is localhost:8085 
 Now server is localhost:8084 
 My server Id: 2
Got the following server configs: {[{0 localhost 8080} {1 localhost 8081} {2 localhost 8082} {3 localhost 8083} {4 localhost 8084} {5 localhost 8085} {6 localhost 8086}]}
Now server is localhost:8082 
 My server Id: 6
Got the following server configs: {[{0 localhost 8080} {1 localhost 8081} {2 localhost 8082} {3 localhost 8083} {4 localhost 8084} {5 localhost 8085} {6 localhost 8086}]}
Now server is localhost:8086 
 chai zhiyuan
chai zhiyuan
chai zhiyuan
chai zhiyuan
chai zhiyuan
chai zhiyuan
chai zhiyuan
My server Id: 4
My server Id: 0
Got the following server configs: {[{0 localhost 8080} {1 localhost 8081} {2 localhost 8082} {3 localhost 8083} {4 localhost 8084} {5 localhost 8085} {6 localhost 8086} {7 localhost 8087}]}
Now server is localhost:8084 
 My server Id: 7
Got the following server configs: {[{0 localhost 8080} {1 localhost 8081} {2 localhost 8082} {3 localhost 8083} {4 localhost 8084} {5 localhost 8085} {6 localhost 8086} {7 localhost 8087}]}
Now server is localhost:8080 
 Got the following server configs: {[{0 localhost 8080} {1 localhost 8081} {2 localhost 8082} {3 localhost 8083} {4 localhost 8084} {5 localhost 8085} {6 localhost 8086} {7 localhost 8087}]}
Now server is localhost:8087 
 My server Id: 3
My server Id: 2
Got the following server configs: {[{0 localhost 8080} {1 localhost 8081} {2 localhost 8082} {3 localhost 8083} {4 localhost 8084} {5 localhost 8085} {6 localhost 8086} {7 localhost 8087}]}
Now server is localhost:8083 
 Got the following server configs: {[{0 localhost 8080} {1 localhost 8081} {2 localhost 8082} {3 localhost 8083} {4 localhost 8084} {5 localhost 8085} {6 localhost 8086} {7 localhost 8087}]}
Now server is localhost:8082 
 My server Id: 1
My server Id: 5
Got the following server configs: {[{0 localhost 8080} {1 localhost 8081} {2 localhost 8082} {3 localhost 8083} {4 localhost 8084} {5 localhost 8085} {6 localhost 8086} {7 localhost 8087}]}
Now server is localhost:8085 
 Got the following server configs: {[{0 localhost 8080} {1 localhost 8081} {2 localhost 8082} {3 localhost 8083} {4 localhost 8084} {5 localhost 8085} {6 localhost 8086} {7 localhost 8087}]}
Now server is localhost:8081 
 My server Id: 6
Got the following server configs: {[{0 localhost 8080} {1 localhost 8081} {2 localhost 8082} {3 localhost 8083} {4 localhost 8084} {5 localhost 8085} {6 localhost 8086} {7 localhost 8087}]}
Now server is localhost:8086 
 chai zhiyuan
chai zhiyuan
chai zhiyuan
chai zhiyuan
chai zhiyuan
chai zhiyuan
chai zhiyuan
chai zhiyuan
My server Id: 9
My server Id: 4
Got the following server configs: {[{0 localhost 8080} {1 localhost 8081} {2 localhost 8082} {3 localhost 8083} {4 localhost 8084} {5 localhost 8085} {6 localhost 8086} {7 localhost 8087} {8 localhost 8088} {9 localhost 8089} {10 localhost 8090} {11 localhost 8091} {12 localhost 8092} {13 localhost 8093} {14 localhost 8094} {15 localhost 8095}]}
Got the following server configs: {[{0 localhost 8080} {1 localhost 8081} {2 localhost 8082} {3 localhost 8083} {4 localhost 8084} {5 localhost 8085} {6 localhost 8086} {7 localhost 8087} {8 localhost 8088} {9 localhost 8089} {10 localhost 8090} {11 localhost 8091} {12 localhost 8092} {13 localhost 8093} {14 localhost 8094} {15 localhost 8095}]}
Now server is localhost:8089 
 Now server is localhost:8084 
 My server Id: 2
My server Id: 6
My server Id: 3
My server Id: 0
My server Id: 11
Got the following server configs: {[{0 localhost 8080} {1 localhost 8081} {2 localhost 8082} {3 localhost 8083} {4 localhost 8084} {5 localhost 8085} {6 localhost 8086} {7 localhost 8087} {8 localhost 8088} {9 localhost 8089} {10 localhost 8090} {11 localhost 8091} {12 localhost 8092} {13 localhost 8093} {14 localhost 8094} {15 localhost 8095}]}
Now server is localhost:8082 
 Got the following server configs: {[{0 localhost 8080} {1 localhost 8081} {2 localhost 8082} {3 localhost 8083} {4 localhost 8084} {5 localhost 8085} {6 localhost 8086} {7 localhost 8087} {8 localhost 8088} {9 localhost 8089} {10 localhost 8090} {11 localhost 8091} {12 localhost 8092} {13 localhost 8093} {14 localhost 8094} {15 localhost 8095}]}
My server Id: 1
Got the following server configs: {[{0 localhost 8080} {1 localhost 8081} {2 localhost 8082} {3 localhost 8083} {4 localhost 8084} {5 localhost 8085} {6 localhost 8086} {7 localhost 8087} {8 localhost 8088} {9 localhost 8089} {10 localhost 8090} {11 localhost 8091} {12 localhost 8092} {13 localhost 8093} {14 localhost 8094} {15 localhost 8095}]}
Now server is localhost:8086 
 Now server is localhost:8083 
 Got the following server configs: {[{0 localhost 8080} {1 localhost 8081} {2 localhost 8082} {3 localhost 8083} {4 localhost 8084} {5 localhost 8085} {6 localhost 8086} {7 localhost 8087} {8 localhost 8088} {9 localhost 8089} {10 localhost 8090} {11 localhost 8091} {12 localhost 8092} {13 localhost 8093} {14 localhost 8094} {15 localhost 8095}]}
Now server is localhost:8080 
 Got the following server configs: {[{0 localhost 8080} {1 localhost 8081} {2 localhost 8082} {3 localhost 8083} {4 localhost 8084} {5 localhost 8085} {6 localhost 8086} {7 localhost 8087} {8 localhost 8088} {9 localhost 8089} {10 localhost 8090} {11 localhost 8091} {12 localhost 8092} {13 localhost 8093} {14 localhost 8094} {15 localhost 8095}]}
Now server is localhost:8091 
 Got the following server configs: {[{0 localhost 8080} {1 localhost 8081} {2 localhost 8082} {3 localhost 8083} {4 localhost 8084} {5 localhost 8085} {6 localhost 8086} {7 localhost 8087} {8 localhost 8088} {9 localhost 8089} {10 localhost 8090} {11 localhost 8091} {12 localhost 8092} {13 localhost 8093} {14 localhost 8094} {15 localhost 8095}]}
Now server is localhost:8081 
 My server Id: 5
Got the following server configs: {[{0 localhost 8080} {1 localhost 8081} {2 localhost 8082} {3 localhost 8083} {4 localhost 8084} {5 localhost 8085} {6 localhost 8086} {7 localhost 8087} {8 localhost 8088} {9 localhost 8089} {10 localhost 8090} {11 localhost 8091} {12 localhost 8092} {13 localhost 8093} {14 localhost 8094} {15 localhost 8095}]}
Now server is localhost:8085 
 My server Id: 7
My server Id: 13
My server Id: 8
Got the following server configs: {[{0 localhost 8080} {1 localhost 8081} {2 localhost 8082} {3 localhost 8083} {4 localhost 8084} {5 localhost 8085} {6 localhost 8086} {7 localhost 8087} {8 localhost 8088} {9 localhost 8089} {10 localhost 8090} {11 localhost 8091} {12 localhost 8092} {13 localhost 8093} {14 localhost 8094} {15 localhost 8095}]}
Got the following server configs: {[{0 localhost 8080} {1 localhost 8081} {2 localhost 8082} {3 localhost 8083} {4 localhost 8084} {5 localhost 8085} {6 localhost 8086} {7 localhost 8087} {8 localhost 8088} {9 localhost 8089} {10 localhost 8090} {11 localhost 8091} {12 localhost 8092} {13 localhost 8093} {14 localhost 8094} {15 localhost 8095}]}
Now server is localhost:8087 
 Now server is localhost:8093 
 Got the following server configs: {[{0 localhost 8080} {1 localhost 8081} {2 localhost 8082} {3 localhost 8083} {4 localhost 8084} {5 localhost 8085} {6 localhost 8086} {7 localhost 8087} {8 localhost 8088} {9 localhost 8089} {10 localhost 8090} {11 localhost 8091} {12 localhost 8092} {13 localhost 8093} {14 localhost 8094} {15 localhost 8095}]}
Now server is localhost:8088 
 My server Id: 14
Got the following server configs: {[{0 localhost 8080} {1 localhost 8081} {2 localhost 8082} {3 localhost 8083} {4 localhost 8084} {5 localhost 8085} {6 localhost 8086} {7 localhost 8087} {8 localhost 8088} {9 localhost 8089} {10 localhost 8090} {11 localhost 8091} {12 localhost 8092} {13 localhost 8093} {14 localhost 8094} {15 localhost 8095}]}
Now server is localhost:8094 
 My server Id: 10
Got the following server configs: {[{0 localhost 8080} {1 localhost 8081} {2 localhost 8082} {3 localhost 8083} {4 localhost 8084} {5 localhost 8085} {6 localhost 8086} {7 localhost 8087} {8 localhost 8088} {9 localhost 8089} {10 localhost 8090} {11 localhost 8091} {12 localhost 8092} {13 localhost 8093} {14 localhost 8094} {15 localhost 8095}]}
Now server is localhost:8090 
 My server Id: 12
My server Id: 15
Got the following server configs: {[{0 localhost 8080} {1 localhost 8081} {2 localhost 8082} {3 localhost 8083} {4 localhost 8084} {5 localhost 8085} {6 localhost 8086} {7 localhost 8087} {8 localhost 8088} {9 localhost 8089} {10 localhost 8090} {11 localhost 8091} {12 localhost 8092} {13 localhost 8093} {14 localhost 8094} {15 localhost 8095}]}
Now server is localhost:8092 
 Got the following server configs: {[{0 localhost 8080} {1 localhost 8081} {2 localhost 8082} {3 localhost 8083} {4 localhost 8084} {5 localhost 8085} {6 localhost 8086} {7 localhost 8087} {8 localhost 8088} {9 localhost 8089} {10 localhost 8090} {11 localhost 8091} {12 localhost 8092} {13 localhost 8093} {14 localhost 8094} {15 localhost 8095}]}
Now server is localhost:8095 
 chai zhiyuan
chai zhiyuan
chai zhiyuan
chai zhiyuan
chai zhiyuan
chai zhiyuan
chai zhiyuan
chai zhiyuan
chai zhiyuan
chai zhiyuan
chai zhiyuan
chai zhiyuan
chai zhiyuan
chai zhiyuan
chai zhiyuan
chai zhiyuan
My server Id: 1
My server Id: 2
Got the following server configs: {[{0 localhost 8080} {1 localhost 8081} {2 localhost 8082} {3 localhost 8083} {4 localhost 8084} {5 localhost 8085} {6 localhost 8086} {7 localhost 8087} {8 localhost 8088} {9 localhost 8089} {10 localhost 8090} {11 localhost 8091} {12 localhost 8092} {13 localhost 8093} {14 localhost 8094} {15 localhost 8095}]}
Got the following server configs: {[{0 localhost 8080} {1 localhost 8081} {2 localhost 8082} {3 localhost 8083} {4 localhost 8084} {5 localhost 8085} {6 localhost 8086} {7 localhost 8087} {8 localhost 8088} {9 localhost 8089} {10 localhost 8090} {11 localhost 8091} {12 localhost 8092} {13 localhost 8093} {14 localhost 8094} {15 localhost 8095}]}
Now server is localhost:8081 
 Now server is localhost:8082 
 My server Id: 0
Got the following server configs: {[{0 localhost 8080} {1 localhost 8081} {2 localhost 8082} {3 localhost 8083} {4 localhost 8084} {5 localhost 8085} {6 localhost 8086} {7 localhost 8087} {8 localhost 8088} {9 localhost 8089} {10 localhost 8090} {11 localhost 8091} {12 localhost 8092} {13 localhost 8093} {14 localhost 8094} {15 localhost 8095}]}
Now server is localhost:8080 
 My server Id: 3
My server Id: 4
My server Id: 11
Got the following server configs: {[{0 localhost 8080} {1 localhost 8081} {2 localhost 8082} {3 localhost 8083} {4 localhost 8084} {5 localhost 8085} {6 localhost 8086} {7 localhost 8087} {8 localhost 8088} {9 localhost 8089} {10 localhost 8090} {11 localhost 8091} {12 localhost 8092} {13 localhost 8093} {14 localhost 8094} {15 localhost 8095}]}
Now server is localhost:8083 
 Got the following server configs: {[{0 localhost 8080} {1 localhost 8081} {2 localhost 8082} {3 localhost 8083} {4 localhost 8084} {5 localhost 8085} {6 localhost 8086} {7 localhost 8087} {8 localhost 8088} {9 localhost 8089} {10 localhost 8090} {11 localhost 8091} {12 localhost 8092} {13 localhost 8093} {14 localhost 8094} {15 localhost 8095}]}
Now server is localhost:8084 
 Got the following server configs: {[{0 localhost 8080} {1 localhost 8081} {2 localhost 8082} {3 localhost 8083} {4 localhost 8084} {5 localhost 8085} {6 localhost 8086} {7 localhost 8087} {8 localhost 8088} {9 localhost 8089} {10 localhost 8090} {11 localhost 8091} {12 localhost 8092} {13 localhost 8093} {14 localhost 8094} {15 localhost 8095}]}
Now server is localhost:8091 
 My server Id: 9
My server Id: 13
Got the following server configs: {[{0 localhost 8080} {1 localhost 8081} {2 localhost 8082} {3 localhost 8083} {4 localhost 8084} {5 localhost 8085} {6 localhost 8086} {7 localhost 8087} {8 localhost 8088} {9 localhost 8089} {10 localhost 8090} {11 localhost 8091} {12 localhost 8092} {13 localhost 8093} {14 localhost 8094} {15 localhost 8095}]}
Got the following server configs: {[{0 localhost 8080} {1 localhost 8081} {2 localhost 8082} {3 localhost 8083} {4 localhost 8084} {5 localhost 8085} {6 localhost 8086} {7 localhost 8087} {8 localhost 8088} {9 localhost 8089} {10 localhost 8090} {11 localhost 8091} {12 localhost 8092} {13 localhost 8093} {14 localhost 8094} {15 localhost 8095}]}
Now server is localhost:8093 
 Now server is localhost:8089 
 My server Id: 15
Got the following server configs: {[{0 localhost 8080} {1 localhost 8081} {2 localhost 8082} {3 localhost 8083} {4 localhost 8084} {5 localhost 8085} {6 localhost 8086} {7 localhost 8087} {8 localhost 8088} {9 localhost 8089} {10 localhost 8090} {11 localhost 8091} {12 localhost 8092} {13 localhost 8093} {14 localhost 8094} {15 localhost 8095}]}
Now server is localhost:8095 
 My server Id: 5
My server Id: 14
Got the following server configs: {[{0 localhost 8080} {1 localhost 8081} {2 localhost 8082} {3 localhost 8083} {4 localhost 8084} {5 localhost 8085} {6 localhost 8086} {7 localhost 8087} {8 localhost 8088} {9 localhost 8089} {10 localhost 8090} {11 localhost 8091} {12 localhost 8092} {13 localhost 8093} {14 localhost 8094} {15 localhost 8095}]}
Now server is localhost:8085 
 Got the following server configs: {[{0 localhost 8080} {1 localhost 8081} {2 localhost 8082} {3 localhost 8083} {4 localhost 8084} {5 localhost 8085} {6 localhost 8086} {7 localhost 8087} {8 localhost 8088} {9 localhost 8089} {10 localhost 8090} {11 localhost 8091} {12 localhost 8092} {13 localhost 8093} {14 localhost 8094} {15 localhost 8095}]}
Now server is localhost:8094 
 My server Id: 6
Got the following server configs: {[{0 localhost 8080} {1 localhost 8081} {2 localhost 8082} {3 localhost 8083} {4 localhost 8084} {5 localhost 8085} {6 localhost 8086} {7 localhost 8087} {8 localhost 8088} {9 localhost 8089} {10 localhost 8090} {11 localhost 8091} {12 localhost 8092} {13 localhost 8093} {14 localhost 8094} {15 localhost 8095}]}
Now server is localhost:8086 
 My server Id: 7
Got the following server configs: {[{0 localhost 8080} {1 localhost 8081} {2 localhost 8082} {3 localhost 8083} {4 localhost 8084} {5 localhost 8085} {6 localhost 8086} {7 localhost 8087} {8 localhost 8088} {9 localhost 8089} {10 localhost 8090} {11 localhost 8091} {12 localhost 8092} {13 localhost 8093} {14 localhost 8094} {15 localhost 8095}]}
Now server is localhost:8087 
 My server Id: 8
Got the following server configs: {[{0 localhost 8080} {1 localhost 8081} {2 localhost 8082} {3 localhost 8083} {4 localhost 8084} {5 localhost 8085} {6 localhost 8086} {7 localhost 8087} {8 localhost 8088} {9 localhost 8089} {10 localhost 8090} {11 localhost 8091} {12 localhost 8092} {13 localhost 8093} {14 localhost 8094} {15 localhost 8095}]}
Now server is localhost:8088 
 My server Id: 12
Got the following server configs: {[{0 localhost 8080} {1 localhost 8081} {2 localhost 8082} {3 localhost 8083} {4 localhost 8084} {5 localhost 8085} {6 localhost 8086} {7 localhost 8087} {8 localhost 8088} {9 localhost 8089} {10 localhost 8090} {11 localhost 8091} {12 localhost 8092} {13 localhost 8093} {14 localhost 8094} {15 localhost 8095}]}
Now server is localhost:8092 
 My server Id: 10
Got the following server configs: {[{0 localhost 8080} {1 localhost 8081} {2 localhost 8082} {3 localhost 8083} {4 localhost 8084} {5 localhost 8085} {6 localhost 8086} {7 localhost 8087} {8 localhost 8088} {9 localhost 8089} {10 localhost 8090} {11 localhost 8091} {12 localhost 8092} {13 localhost 8093} {14 localhost 8094} {15 localhost 8095}]}
Now server is localhost:8090 
 -------Server 5 Ending-------------Server 0 Ending-------------Server 14 Ending-------------Server 6 Ending-------------Server 8 Ending-------------Server 15 Ending-------------Server 4 Ending-------------Server 2 Ending-------------Server 3 Ending-------------Server 1 Ending-------------Server 13 Ending-------------Server 10 Ending-------------Server 7 Ending-------------Server 12 Ending-------------Server 11 Ending------My server Id: 6
My server Id: 0
Got the following server configs: {[{0 localhost 8080} {1 localhost 8081} {2 localhost 8082} {3 localhost 8083} {4 localhost 8084} {5 localhost 8085} {6 localhost 8086} {7 localhost 8087} {8 localhost 8088} {9 localhost 8089} {10 localhost 8090} {11 localhost 8091} {12 localhost 8092} {13 localhost 8093} {14 localhost 8094} {15 localhost 8095}]}
Got the following server configs: {[{0 localhost 8080} {1 localhost 8081} {2 localhost 8082} {3 localhost 8083} {4 localhost 8084} {5 localhost 8085} {6 localhost 8086} {7 localhost 8087} {8 localhost 8088} {9 localhost 8089} {10 localhost 8090} {11 localhost 8091} {12 localhost 8092} {13 localhost 8093} {14 localhost 8094} {15 localhost 8095}]}
Now server is localhost:8086 
 Now server is localhost:8080 
 My server Id: 8
My server Id: 2
Got the following server configs: {[{0 localhost 8080} {1 localhost 8081} {2 localhost 8082} {3 localhost 8083} {4 localhost 8084} {5 localhost 8085} {6 localhost 8086} {7 localhost 8087} {8 localhost 8088} {9 localhost 8089} {10 localhost 8090} {11 localhost 8091} {12 localhost 8092} {13 localhost 8093} {14 localhost 8094} {15 localhost 8095}]}
My server Id: 10
Now server is localhost:8088 
 Got the following server configs: {[{0 localhost 8080} {1 localhost 8081} {2 localhost 8082} {3 localhost 8083} {4 localhost 8084} {5 localhost 8085} {6 localhost 8086} {7 localhost 8087} {8 localhost 8088} {9 localhost 8089} {10 localhost 8090} {11 localhost 8091} {12 localhost 8092} {13 localhost 8093} {14 localhost 8094} {15 localhost 8095}]}
Now server is localhost:8082 
 Got the following server configs: {[{0 localhost 8080} {1 localhost 8081} {2 localhost 8082} {3 localhost 8083} {4 localhost 8084} {5 localhost 8085} {6 localhost 8086} {7 localhost 8087} {8 localhost 8088} {9 localhost 8089} {10 localhost 8090} {11 localhost 8091} {12 localhost 8092} {13 localhost 8093} {14 localhost 8094} {15 localhost 8095}]}
Now server is localhost:8090 
 My server Id: 7
Got the following server configs: {[{0 localhost 8080} {1 localhost 8081} {2 localhost 8082} {3 localhost 8083} {4 localhost 8084} {5 localhost 8085} {6 localhost 8086} {7 localhost 8087} {8 localhost 8088} {9 localhost 8089} {10 localhost 8090} {11 localhost 8091} {12 localhost 8092} {13 localhost 8093} {14 localhost 8094} {15 localhost 8095}]}
Now server is localhost:8087 
 My server Id: 11
My server Id: 14
Got the following server configs: {[{0 localhost 8080} {1 localhost 8081} {2 localhost 8082} {3 localhost 8083} {4 localhost 8084} {5 localhost 8085} {6 localhost 8086} {7 localhost 8087} {8 localhost 8088} {9 localhost 8089} {10 localhost 8090} {11 localhost 8091} {12 localhost 8092} {13 localhost 8093} {14 localhost 8094} {15 localhost 8095}]}
Now server is localhost:8091 
 Got the following server configs: {[{0 localhost 8080} {1 localhost 8081} {2 localhost 8082} {3 localhost 8083} {4 localhost 8084} {5 localhost 8085} {6 localhost 8086} {7 localhost 8087} {8 localhost 8088} {9 localhost 8089} {10 localhost 8090} {11 localhost 8091} {12 localhost 8092} {13 localhost 8093} {14 localhost 8094} {15 localhost 8095}]}
Now server is localhost:8094 
 My server Id: 4
Got the following server configs: {[{0 localhost 8080} {1 localhost 8081} {2 localhost 8082} {3 localhost 8083} {4 localhost 8084} {5 localhost 8085} {6 localhost 8086} {7 localhost 8087} {8 localhost 8088} {9 localhost 8089} {10 localhost 8090} {11 localhost 8091} {12 localhost 8092} {13 localhost 8093} {14 localhost 8094} {15 localhost 8095}]}
Now server is localhost:8084 
 My server Id: 3
Got the following server configs: {[{0 localhost 8080} {1 localhost 8081} {2 localhost 8082} {3 localhost 8083} {4 localhost 8084} {5 localhost 8085} {6 localhost 8086} {7 localhost 8087} {8 localhost 8088} {9 localhost 8089} {10 localhost 8090} {11 localhost 8091} {12 localhost 8092} {13 localhost 8093} {14 localhost 8094} {15 localhost 8095}]}
Now server is localhost:8083 
 My server Id: 1
Got the following server configs: {[{0 localhost 8080} {1 localhost 8081} {2 localhost 8082} {3 localhost 8083} {4 localhost 8084} {5 localhost 8085} {6 localhost 8086} {7 localhost 8087} {8 localhost 8088} {9 localhost 8089} {10 localhost 8090} {11 localhost 8091} {12 localhost 8092} {13 localhost 8093} {14 localhost 8094} {15 localhost 8095}]}
Now server is localhost:8081 
 My server Id: 5
Got the following server configs: {[{0 localhost 8080} {1 localhost 8081} {2 localhost 8082} {3 localhost 8083} {4 localhost 8084} {5 localhost 8085} {6 localhost 8086} {7 localhost 8087} {8 localhost 8088} {9 localhost 8089} {10 localhost 8090} {11 localhost 8091} {12 localhost 8092} {13 localhost 8093} {14 localhost 8094} {15 localhost 8095}]}
Now server is localhost:8085 
 My server Id: 15
Got the following server configs: {[{0 localhost 8080} {1 localhost 8081} {2 localhost 8082} {3 localhost 8083} {4 localhost 8084} {5 localhost 8085} {6 localhost 8086} {7 localhost 8087} {8 localhost 8088} {9 localhost 8089} {10 localhost 8090} {11 localhost 8091} {12 localhost 8092} {13 localhost 8093} {14 localhost 8094} {15 localhost 8095}]}
Now server is localhost:8095 
 My server Id: 13
Got the following server configs: {[{0 localhost 8080} {1 localhost 8081} {2 localhost 8082} {3 localhost 8083} {4 localhost 8084} {5 localhost 8085} {6 localhost 8086} {7 localhost 8087} {8 localhost 8088} {9 localhost 8089} {10 localhost 8090} {11 localhost 8091} {12 localhost 8092} {13 localhost 8093} {14 localhost 8094} {15 localhost 8095}]}
Now server is localhost:8093 
 My server Id: 9
Got the following server configs: {[{0 localhost 8080} {1 localhost 8081} {2 localhost 8082} {3 localhost 8083} {4 localhost 8084} {5 localhost 8085} {6 localhost 8086} {7 localhost 8087} {8 localhost 8088} {9 localhost 8089} {10 localhost 8090} {11 localhost 8091} {12 localhost 8092} {13 localhost 8093} {14 localhost 8094} {15 localhost 8095}]}
Now server is localhost:8089 
 My server Id: 12
Got the following server configs: {[{0 localhost 8080} {1 localhost 8081} {2 localhost 8082} {3 localhost 8083} {4 localhost 8084} {5 localhost 8085} {6 localhost 8086} {7 localhost 8087} {8 localhost 8088} {9 localhost 8089} {10 localhost 8090} {11 localhost 8091} {12 localhost 8092} {13 localhost 8093} {14 localhost 8094} {15 localhost 8095}]}
Now server is localhost:8092 
 2023/01/26 14:12:04 netsort.go:93: Listening Error: listen tcp 127.0.0.1:8089: bind: address already in use
-------Server 9 Ending------My server Id: 1
My server Id: 2
Got the following server configs: {[{0 localhost 8080} {1 localhost 8081} {2 localhost 8082} {3 localhost 8083} {4 localhost 8084} {5 localhost 8085} {6 localhost 8086} {7 localhost 8087} {8 localhost 8088} {9 localhost 8089} {10 localhost 8090} {11 localhost 8091} {12 localhost 8092} {13 localhost 8093} {14 localhost 8094} {15 localhost 8095}]}
Got the following server configs: {[{0 localhost 8080} {1 localhost 8081} {2 localhost 8082} {3 localhost 8083} {4 localhost 8084} {5 localhost 8085} {6 localhost 8086} {7 localhost 8087} {8 localhost 8088} {9 localhost 8089} {10 localhost 8090} {11 localhost 8091} {12 localhost 8092} {13 localhost 8093} {14 localhost 8094} {15 localhost 8095}]}
Now server is localhost:8081 
 Now server is localhost:8082 
 My server Id: 3
My server Id: 5
My server Id: 4
My server Id: 0
Got the following server configs: {[{0 localhost 8080} {1 localhost 8081} {2 localhost 8082} {3 localhost 8083} {4 localhost 8084} {5 localhost 8085} {6 localhost 8086} {7 localhost 8087} {8 localhost 8088} {9 localhost 8089} {10 localhost 8090} {11 localhost 8091} {12 localhost 8092} {13 localhost 8093} {14 localhost 8094} {15 localhost 8095}]}
Now server is localhost:8083 
 Got the following server configs: {[{0 localhost 8080} {1 localhost 8081} {2 localhost 8082} {3 localhost 8083} {4 localhost 8084} {5 localhost 8085} {6 localhost 8086} {7 localhost 8087} {8 localhost 8088} {9 localhost 8089} {10 localhost 8090} {11 localhost 8091} {12 localhost 8092} {13 localhost 8093} {14 localhost 8094} {15 localhost 8095}]}
Got the following server configs: {[{0 localhost 8080} {1 localhost 8081} {2 localhost 8082} {3 localhost 8083} {4 localhost 8084} {5 localhost 8085} {6 localhost 8086} {7 localhost 8087} {8 localhost 8088} {9 localhost 8089} {10 localhost 8090} {11 localhost 8091} {12 localhost 8092} {13 localhost 8093} {14 localhost 8094} {15 localhost 8095}]}
Got the following server configs: {[{0 localhost 8080} {1 localhost 8081} {2 localhost 8082} {3 localhost 8083} {4 localhost 8084} {5 localhost 8085} {6 localhost 8086} {7 localhost 8087} {8 localhost 8088} {9 localhost 8089} {10 localhost 8090} {11 localhost 8091} {12 localhost 8092} {13 localhost 8093} {14 localhost 8094} {15 localhost 8095}]}
Now server is localhost:8085 
 Now server is localhost:8080 
 Now server is localhost:8084 
 My server Id: 6
Got the following server configs: {[{0 localhost 8080} {1 localhost 8081} {2 localhost 8082} {3 localhost 8083} {4 localhost 8084} {5 localhost 8085} {6 localhost 8086} {7 localhost 8087} {8 localhost 8088} {9 localhost 8089} {10 localhost 8090} {11 localhost 8091} {12 localhost 8092} {13 localhost 8093} {14 localhost 8094} {15 localhost 8095}]}
Now server is localhost:8086 
 My server Id: 12
My server Id: 7
Got the following server configs: {[{0 localhost 8080} {1 localhost 8081} {2 localhost 8082} {3 localhost 8083} {4 localhost 8084} {5 localhost 8085} {6 localhost 8086} {7 localhost 8087} {8 localhost 8088} {9 localhost 8089} {10 localhost 8090} {11 localhost 8091} {12 localhost 8092} {13 localhost 8093} {14 localhost 8094} {15 localhost 8095}]}
Now server is localhost:8092 
 Got the following server configs: {[{0 localhost 8080} {1 localhost 8081} {2 localhost 8082} {3 localhost 8083} {4 localhost 8084} {5 localhost 8085} {6 localhost 8086} {7 localhost 8087} {8 localhost 8088} {9 localhost 8089} {10 localhost 8090} {11 localhost 8091} {12 localhost 8092} {13 localhost 8093} {14 localhost 8094} {15 localhost 8095}]}
Now server is localhost:8087 
 My server Id: 11
My server Id: 14
Got the following server configs: {[{0 localhost 8080} {1 localhost 8081} {2 localhost 8082} {3 localhost 8083} {4 localhost 8084} {5 localhost 8085} {6 localhost 8086} {7 localhost 8087} {8 localhost 8088} {9 localhost 8089} {10 localhost 8090} {11 localhost 8091} {12 localhost 8092} {13 localhost 8093} {14 localhost 8094} {15 localhost 8095}]}
Now server is localhost:8091 
 Got the following server configs: {[{0 localhost 8080} {1 localhost 8081} {2 localhost 8082} {3 localhost 8083} {4 localhost 8084} {5 localhost 8085} {6 localhost 8086} {7 localhost 8087} {8 localhost 8088} {9 localhost 8089} {10 localhost 8090} {11 localhost 8091} {12 localhost 8092} {13 localhost 8093} {14 localhost 8094} {15 localhost 8095}]}
Now server is localhost:8094 
 My server Id: 8
Got the following server configs: {[{0 localhost 8080} {1 localhost 8081} {2 localhost 8082} {3 localhost 8083} {4 localhost 8084} {5 localhost 8085} {6 localhost 8086} {7 localhost 8087} {8 localhost 8088} {9 localhost 8089} {10 localhost 8090} {11 localhost 8091} {12 localhost 8092} {13 localhost 8093} {14 localhost 8094} {15 localhost 8095}]}
Now server is localhost:8088 
 My server Id: 15
Got the following server configs: {[{0 localhost 8080} {1 localhost 8081} {2 localhost 8082} {3 localhost 8083} {4 localhost 8084} {5 localhost 8085} {6 localhost 8086} {7 localhost 8087} {8 localhost 8088} {9 localhost 8089} {10 localhost 8090} {11 localhost 8091} {12 localhost 8092} {13 localhost 8093} {14 localhost 8094} {15 localhost 8095}]}
Now server is localhost:8095 
 My server Id: 9
My server Id: 10
Got the following server configs: {[{0 localhost 8080} {1 localhost 8081} {2 localhost 8082} {3 localhost 8083} {4 localhost 8084} {5 localhost 8085} {6 localhost 8086} {7 localhost 8087} {8 localhost 8088} {9 localhost 8089} {10 localhost 8090} {11 localhost 8091} {12 localhost 8092} {13 localhost 8093} {14 localhost 8094} {15 localhost 8095}]}
Now server is localhost:8089 
 Got the following server configs: {[{0 localhost 8080} {1 localhost 8081} {2 localhost 8082} {3 localhost 8083} {4 localhost 8084} {5 localhost 8085} {6 localhost 8086} {7 localhost 8087} {8 localhost 8088} {9 localhost 8089} {10 localhost 8090} {11 localhost 8091} {12 localhost 8092} {13 localhost 8093} {14 localhost 8094} {15 localhost 8095}]}
Now server is localhost:8090 
 My server Id: 13
Got the following server configs: {[{0 localhost 8080} {1 localhost 8081} {2 localhost 8082} {3 localhost 8083} {4 localhost 8084} {5 localhost 8085} {6 localhost 8086} {7 localhost 8087} {8 localhost 8088} {9 localhost 8089} {10 localhost 8090} {11 localhost 8091} {12 localhost 8092} {13 localhost 8093} {14 localhost 8094} {15 localhost 8095}]}
Now server is localhost:8093 
 